app/build/intermediates/manifest_merge_blame_file/release/processReleaseMainManifest/manifest-merger-blame-release-report.txt
1<?xml version="1.0" encoding="utf-8"?>
2<manifest xmlns:android="http://schemas.android.com/apk/res/android"
3    package="com.developersbeeh.medcontrol"
4    android:versionCode="7"
5    android:versionName="2.0.1" >
6
7    <uses-sdk
8        android:minSdkVersion="24"
9        android:targetSdkVersion="36" />
10
11    <uses-permission android:name="android.permission.ACCESS_FINE_LOCATION" />
11-->src\main\AndroidManifest.xml:4:5-79
11-->src\main\AndroidManifest.xml:4:22-76
12    <uses-permission android:name="android.permission.ACCESS_COARSE_LOCATION" />
12-->src\main\AndroidManifest.xml:5:5-81
12-->src\main\AndroidManifest.xml:5:22-78
13    <uses-permission android:name="android.permission.INTERNET" />
13-->src\main\AndroidManifest.xml:6:5-66
13-->src\main\AndroidManifest.xml:6:22-64
14    <uses-permission android:name="android.permission.POST_NOTIFICATIONS" />
14-->src\main\AndroidManifest.xml:7:5-76
14-->src\main\AndroidManifest.xml:7:22-74
15    <uses-permission android:name="android.permission.RECEIVE_BOOT_COMPLETED" />
15-->src\main\AndroidManifest.xml:8:5-81
15-->src\main\AndroidManifest.xml:8:22-78
16    <uses-permission android:name="android.permission.USE_EXACT_ALARM" />
16-->src\main\AndroidManifest.xml:9:5-74
16-->src\main\AndroidManifest.xml:9:22-71
17    <uses-permission android:name="android.permission.USE_FULL_SCREEN_INTENT" />
17-->src\main\AndroidManifest.xml:10:5-81
17-->src\main\AndroidManifest.xml:10:22-78
18    <uses-permission android:name="android.permission.WAKE_LOCK" />
18-->src\main\AndroidManifest.xml:11:5-68
18-->src\main\AndroidManifest.xml:11:22-65
19    <uses-permission android:name="android.permission.ACCESS_NETWORK_STATE" />
19-->src\main\AndroidManifest.xml:12:5-79
19-->src\main\AndroidManifest.xml:12:22-76
20    <uses-permission android:name="android.permission.CAMERA" />
20-->src\main\AndroidManifest.xml:13:5-65
20-->src\main\AndroidManifest.xml:13:22-62
21    <uses-permission android:name="android.permission.FOREGROUND_SERVICE" />
21-->src\main\AndroidManifest.xml:14:5-77
21-->src\main\AndroidManifest.xml:14:22-74
22
23    <uses-feature
23-->src\main\AndroidManifest.xml:16:5-84
24        android:name="android.hardware.camera"
24-->src\main\AndroidManifest.xml:16:19-57
25        android:required="false" />
25-->src\main\AndroidManifest.xml:16:58-82
26
27    <uses-permission android:name="android.permission.USE_BIOMETRIC" /> <!-- suppress DeprecatedClassUsageInspection -->
27-->[androidx.biometric:biometric:1.1.0] AndroidManifest.xml:24:5-72
27-->[androidx.biometric:biometric:1.1.0] AndroidManifest.xml:24:22-69
28    <uses-permission android:name="android.permission.USE_FINGERPRINT" />
28-->[androidx.biometric:biometric:1.1.0] AndroidManifest.xml:27:5-74
28-->[androidx.biometric:biometric:1.1.0] AndroidManifest.xml:27:22-71
29    <uses-permission android:name="com.android.vending.BILLING" />
29-->[com.android.billingclient:billing-ktx:8.0.0] AndroidManifest.xml:9:5-67
29-->[com.android.billingclient:billing-ktx:8.0.0] AndroidManifest.xml:9:22-64
30
31    <queries>
31-->[com.android.billingclient:billing:8.0.0] AndroidManifest.xml:12:5-19:15
32        <intent>
32-->[com.android.billingclient:billing:8.0.0] AndroidManifest.xml:13:9-15:18
33            <action android:name="com.android.vending.billing.InAppBillingService.BIND" />
33-->[com.android.billingclient:billing:8.0.0] AndroidManifest.xml:14:13-91
33-->[com.android.billingclient:billing:8.0.0] AndroidManifest.xml:14:21-88
34        </intent>
35        <intent>
35-->[com.android.billingclient:billing:8.0.0] AndroidManifest.xml:16:9-18:18
36            <action android:name="com.google.android.apps.play.billingtestcompanion.BillingOverrideService.BIND" />
36-->[com.android.billingclient:billing:8.0.0] AndroidManifest.xml:17:13-116
36-->[com.android.billingclient:billing:8.0.0] AndroidManifest.xml:17:21-113
37        </intent>
38        <!-- For browser content -->
39        <intent>
39-->[com.google.android.gms:play-services-ads-api:24.6.0] AndroidManifest.xml:38:9-44:18
40            <action android:name="android.intent.action.VIEW" />
40-->[com.google.firebase:firebase-auth:24.0.1] AndroidManifest.xml:36:17-69
40-->[com.google.firebase:firebase-auth:24.0.1] AndroidManifest.xml:36:25-66
41
42            <category android:name="android.intent.category.BROWSABLE" />
42-->[com.google.firebase:firebase-auth:24.0.1] AndroidManifest.xml:39:17-78
42-->[com.google.firebase:firebase-auth:24.0.1] AndroidManifest.xml:39:27-75
43
44            <data android:scheme="https" />
44-->[com.google.firebase:firebase-auth:24.0.1] AndroidManifest.xml:41:17-44:51
44-->[com.google.firebase:firebase-auth:24.0.1] AndroidManifest.xml:44:21-48
45        </intent> <!-- End of browser content -->
46        <!-- For CustomTabsService -->
47        <intent>
47-->[com.google.android.gms:play-services-ads-api:24.6.0] AndroidManifest.xml:47:9-49:18
48            <action android:name="android.support.customtabs.action.CustomTabsService" />
48-->[com.google.android.gms:play-services-ads-api:24.6.0] AndroidManifest.xml:48:13-90
48-->[com.google.android.gms:play-services-ads-api:24.6.0] AndroidManifest.xml:48:21-87
49        </intent> <!-- End of CustomTabsService -->
50        <!-- For MRAID capabilities -->
51        <intent>
51-->[com.google.android.gms:play-services-ads-api:24.6.0] AndroidManifest.xml:52:9-56:18
52            <action android:name="android.intent.action.INSERT" />
52-->[com.google.android.gms:play-services-ads-api:24.6.0] AndroidManifest.xml:53:13-67
52-->[com.google.android.gms:play-services-ads-api:24.6.0] AndroidManifest.xml:53:21-64
53
54            <data android:mimeType="vnd.android.cursor.dir/event" />
54-->[com.google.firebase:firebase-auth:24.0.1] AndroidManifest.xml:41:17-44:51
55        </intent>
56        <intent>
56-->[com.google.android.gms:play-services-ads-api:24.6.0] AndroidManifest.xml:57:9-61:18
57            <action android:name="android.intent.action.VIEW" />
57-->[com.google.firebase:firebase-auth:24.0.1] AndroidManifest.xml:36:17-69
57-->[com.google.firebase:firebase-auth:24.0.1] AndroidManifest.xml:36:25-66
58
59            <data android:scheme="sms" />
59-->[com.google.firebase:firebase-auth:24.0.1] AndroidManifest.xml:41:17-44:51
59-->[com.google.firebase:firebase-auth:24.0.1] AndroidManifest.xml:44:21-48
60        </intent>
61        <intent>
61-->[com.google.android.gms:play-services-ads-api:24.6.0] AndroidManifest.xml:62:9-66:18
62            <action android:name="android.intent.action.DIAL" />
62-->[com.google.android.gms:play-services-ads-api:24.6.0] AndroidManifest.xml:63:13-65
62-->[com.google.android.gms:play-services-ads-api:24.6.0] AndroidManifest.xml:63:21-62
63
64            <data android:path="tel:" />
64-->[com.google.firebase:firebase-auth:24.0.1] AndroidManifest.xml:41:17-44:51
64-->[com.google.firebase:firebase-auth:24.0.1] AndroidManifest.xml:43:21-37
65        </intent>
66    </queries> <!-- Required by older versions of Google Play services to create IID tokens -->
67    <uses-permission android:name="com.google.android.c2dm.permission.RECEIVE" />
67-->[com.google.firebase:firebase-messaging:25.0.1] AndroidManifest.xml:26:5-82
67-->[com.google.firebase:firebase-messaging:25.0.1] AndroidManifest.xml:26:22-79
68    <uses-permission android:name="com.google.android.finsky.permission.BIND_GET_INSTALL_REFERRER_SERVICE" />
68-->[com.google.android.gms:play-services-measurement:23.0.0] AndroidManifest.xml:26:5-110
68-->[com.google.android.gms:play-services-measurement:23.0.0] AndroidManifest.xml:26:22-107
69    <uses-permission android:name="com.google.android.gms.permission.AD_ID" />
69-->[com.google.android.gms:play-services-measurement-impl:23.0.0] AndroidManifest.xml:27:5-79
69-->[com.google.android.gms:play-services-measurement-impl:23.0.0] AndroidManifest.xml:27:22-76
70    <uses-permission android:name="android.permission.ACCESS_ADSERVICES_ATTRIBUTION" />
70-->[com.google.android.gms:play-services-measurement-api:23.0.0] AndroidManifest.xml:26:5-88
70-->[com.google.android.gms:play-services-measurement-api:23.0.0] AndroidManifest.xml:26:22-85
71    <uses-permission android:name="android.permission.ACCESS_ADSERVICES_AD_ID" />
71-->[com.google.android.gms:play-services-measurement-api:23.0.0] AndroidManifest.xml:27:5-82
71-->[com.google.android.gms:play-services-measurement-api:23.0.0] AndroidManifest.xml:27:22-79
72    <uses-permission android:name="com.google.android.providers.gsf.permission.READ_GSERVICES" />
72-->[com.google.android.recaptcha:recaptcha:18.6.1] AndroidManifest.xml:9:5-98
72-->[com.google.android.recaptcha:recaptcha:18.6.1] AndroidManifest.xml:9:22-95
73    <uses-permission android:name="android.permission.ACCESS_ADSERVICES_TOPICS" />
73-->[com.google.android.gms:play-services-ads-api:24.6.0] AndroidManifest.xml:29:5-83
73-->[com.google.android.gms:play-services-ads-api:24.6.0] AndroidManifest.xml:29:22-80
74
75    <permission
75-->[androidx.core:core:1.17.0] AndroidManifest.xml:22:5-24:47
76        android:name="com.developersbeeh.medcontrol.DYNAMIC_RECEIVER_NOT_EXPORTED_PERMISSION"
76-->[androidx.core:core:1.17.0] AndroidManifest.xml:23:9-81
77        android:protectionLevel="signature" />
77-->[androidx.core:core:1.17.0] AndroidManifest.xml:24:9-44
78
79    <uses-permission android:name="com.developersbeeh.medcontrol.DYNAMIC_RECEIVER_NOT_EXPORTED_PERMISSION" />
79-->[androidx.core:core:1.17.0] AndroidManifest.xml:26:5-97
79-->[androidx.core:core:1.17.0] AndroidManifest.xml:26:22-94
80
81    <application
81-->src\main\AndroidManifest.xml:18:5-111:19
82        android:name="com.developersbeeh.medcontrol.MedControlApplication"
82-->src\main\AndroidManifest.xml:19:9-75
83        android:allowBackup="true"
83-->src\main\AndroidManifest.xml:20:9-35
84        android:appComponentFactory="androidx.core.app.CoreComponentFactory"
84-->[androidx.core:core:1.17.0] AndroidManifest.xml:28:18-86
85        android:dataExtractionRules="@xml/data_extraction_rules"
85-->src\main\AndroidManifest.xml:21:9-65
86        android:enableOnBackInvokedCallback="true"
86-->src\main\AndroidManifest.xml:27:9-51
87        android:extractNativeLibs="false"
88        android:fullBackupContent="@xml/backup_rules"
88-->src\main\AndroidManifest.xml:22:9-54
89        android:icon="@mipmap/ic_launcher"
89-->src\main\AndroidManifest.xml:23:9-43
90        android:label="@string/app_name"
90-->src\main\AndroidManifest.xml:24:9-41
91        android:roundIcon="@mipmap/ic_launcher_round"
91-->src\main\AndroidManifest.xml:25:9-54
92        android:supportsRtl="true"
92-->src\main\AndroidManifest.xml:26:9-35
93        android:theme="@style/Theme.niduscare" >
93-->src\main\AndroidManifest.xml:28:9-47
94        <service
94-->src\main\AndroidManifest.xml:30:8-36:19
95            android:name="com.developersbeeh.medcontrol.notifications.MyFirebaseMessagingService"
95-->src\main\AndroidManifest.xml:31:13-98
96            android:exported="false" >
96-->src\main\AndroidManifest.xml:32:13-37
97            <intent-filter>
97-->src\main\AndroidManifest.xml:33:13-35:29
98                <action android:name="com.google.firebase.MESSAGING_EVENT" />
98-->src\main\AndroidManifest.xml:34:17-78
98-->src\main\AndroidManifest.xml:34:25-75
99            </intent-filter>
100        </service>
101        <service
101-->src\main\AndroidManifest.xml:38:9-42:60
102            android:name="com.developersbeeh.medcontrol.ui.wellbeing.timer.ActivityTimerService"
102-->src\main\AndroidManifest.xml:39:13-68
103            android:enabled="true"
103-->src\main\AndroidManifest.xml:40:13-35
104            android:exported="false"
104-->src\main\AndroidManifest.xml:41:13-37
105            android:foregroundServiceType="shortService" />
105-->src\main\AndroidManifest.xml:42:13-57
106
107        <activity
107-->src\main\AndroidManifest.xml:44:9-51:20
108            android:name="com.developersbeeh.medcontrol.MainActivity"
108-->src\main\AndroidManifest.xml:45:13-70
109            android:exported="true" >
109-->src\main\AndroidManifest.xml:46:13-36
110            <intent-filter>
110-->src\main\AndroidManifest.xml:47:13-50:29
111                <action android:name="android.intent.action.MAIN" />
111-->src\main\AndroidManifest.xml:48:17-69
111-->src\main\AndroidManifest.xml:48:25-66
112
113                <category android:name="android.intent.category.LAUNCHER" />
113-->src\main\AndroidManifest.xml:49:17-77
113-->src\main\AndroidManifest.xml:49:27-74
114            </intent-filter>
115        </activity>
116        <activity
116-->src\main\AndroidManifest.xml:53:9-59:54
117            android:name="com.developersbeeh.medcontrol.notifications.AlarmActivity"
117-->src\main\AndroidManifest.xml:54:13-85
118            android:exported="false"
118-->src\main\AndroidManifest.xml:55:13-37
119            android:launchMode="singleTop"
119-->src\main\AndroidManifest.xml:56:13-43
120            android:showOnLockScreen="true"
120-->src\main\AndroidManifest.xml:57:13-44
121            android:theme="@style/Theme.niduscare"
121-->src\main\AndroidManifest.xml:59:13-51
122            android:turnScreenOn="true" />
122-->src\main\AndroidManifest.xml:58:13-40
123        <activity
123-->src\main\AndroidManifest.xml:61:9-67:54
124            android:name="com.developersbeeh.medcontrol.notifications.EmergencyAlertActivity"
124-->src\main\AndroidManifest.xml:62:13-94
125            android:exported="false"
125-->src\main\AndroidManifest.xml:63:13-37
126            android:launchMode="singleTop"
126-->src\main\AndroidManifest.xml:64:13-43
127            android:showOnLockScreen="true"
127-->src\main\AndroidManifest.xml:65:13-44
128            android:theme="@style/Theme.niduscare"
128-->src\main\AndroidManifest.xml:67:13-51
129            android:turnScreenOn="true" />
129-->src\main\AndroidManifest.xml:66:13-40
130
131        <receiver
131-->src\main\AndroidManifest.xml:70:9-72:40
132            android:name="com.developersbeeh.medcontrol.notifications.NotificationBroadcastReceiver"
132-->src\main\AndroidManifest.xml:70:19-107
133            android:enabled="true"
133-->src\main\AndroidManifest.xml:71:13-35
134            android:exported="false" />
134-->src\main\AndroidManifest.xml:72:13-37
135        <receiver
135-->src\main\AndroidManifest.xml:74:9-76:40
136            android:name="com.developersbeeh.medcontrol.notifications.NotificationActionReceiver"
136-->src\main\AndroidManifest.xml:74:19-104
137            android:enabled="true"
137-->src\main\AndroidManifest.xml:75:13-35
138            android:exported="false" />
138-->src\main\AndroidManifest.xml:76:13-37
139        <receiver
139-->src\main\AndroidManifest.xml:78:9-80:40
140            android:name="com.developersbeeh.medcontrol.notifications.ReminderBroadcastReceiver"
140-->src\main\AndroidManifest.xml:78:19-103
141            android:enabled="true"
141-->src\main\AndroidManifest.xml:79:13-35
142            android:exported="false" />
142-->src\main\AndroidManifest.xml:80:13-37
143        <receiver
143-->src\main\AndroidManifest.xml:82:9-85:40
144            android:name="com.developersbeeh.medcontrol.notifications.MissedDoseFollowUpReceiver"
144-->src\main\AndroidManifest.xml:83:13-98
145            android:enabled="true"
145-->src\main\AndroidManifest.xml:84:13-35
146            android:exported="false" />
146-->src\main\AndroidManifest.xml:85:13-37
147        <receiver
147-->src\main\AndroidManifest.xml:87:9-95:20
148            android:name="com.developersbeeh.medcontrol.notifications.BootReceiver"
148-->src\main\AndroidManifest.xml:88:13-84
149            android:enabled="true"
149-->src\main\AndroidManifest.xml:89:13-35
150            android:exported="true" >
150-->src\main\AndroidManifest.xml:90:13-36
151            <intent-filter>
151-->src\main\AndroidManifest.xml:91:13-94:29
152                <action android:name="android.intent.action.BOOT_COMPLETED" />
152-->src\main\AndroidManifest.xml:92:17-79
152-->src\main\AndroidManifest.xml:92:25-76
153                <action android:name="android.intent.action.QUICKBOOT_POWERON" />
153-->src\main\AndroidManifest.xml:93:17-82
153-->src\main\AndroidManifest.xml:93:25-79
154            </intent-filter>
155        </receiver>
156
157        <provider
157-->src\main\AndroidManifest.xml:97:9-105:20
158            android:name="androidx.core.content.FileProvider"
158-->src\main\AndroidManifest.xml:98:13-62
159            android:authorities="com.developersbeeh.medcontrol.provider"
159-->src\main\AndroidManifest.xml:99:13-73
160            android:exported="false"
160-->src\main\AndroidManifest.xml:100:13-37
161            android:grantUriPermissions="true" >
161-->src\main\AndroidManifest.xml:101:13-47
162            <meta-data
162-->src\main\AndroidManifest.xml:102:13-104:54
163                android:name="android.support.FILE_PROVIDER_PATHS"
163-->src\main\AndroidManifest.xml:103:17-67
164                android:resource="@xml/file_paths" />
164-->src\main\AndroidManifest.xml:104:17-51
165        </provider>
166
167        <meta-data
167-->src\main\AndroidManifest.xml:107:9-109:69
168            android:name="com.google.android.gms.ads.APPLICATION_ID"
168-->src\main\AndroidManifest.xml:108:13-69
169            android:value="ca-app-pub-4358133805258957~7652951933" />
169-->src\main\AndroidManifest.xml:109:13-67
170
171        <service
171-->[androidx.camera:camera-camera2:1.3.3] AndroidManifest.xml:24:9-33:19
172            android:name="androidx.camera.core.impl.MetadataHolderService"
172-->[androidx.camera:camera-camera2:1.3.3] AndroidManifest.xml:25:13-75
173            android:enabled="false"
173-->[androidx.camera:camera-camera2:1.3.3] AndroidManifest.xml:26:13-36
174            android:exported="false" >
174-->[androidx.camera:camera-camera2:1.3.3] AndroidManifest.xml:27:13-37
175            <meta-data
175-->[androidx.camera:camera-camera2:1.3.3] AndroidManifest.xml:30:13-32:89
176                android:name="androidx.camera.core.impl.MetadataHolderService.DEFAULT_CONFIG_PROVIDER"
176-->[androidx.camera:camera-camera2:1.3.3] AndroidManifest.xml:31:17-103
177                android:value="androidx.camera.camera2.Camera2Config$DefaultProvider" />
177-->[androidx.camera:camera-camera2:1.3.3] AndroidManifest.xml:32:17-86
178        </service>
179
180        <activity
180-->[com.google.firebase:firebase-auth:24.0.1] AndroidManifest.xml:29:9-46:20
181            android:name="com.google.firebase.auth.internal.GenericIdpActivity"
181-->[com.google.firebase:firebase-auth:24.0.1] AndroidManifest.xml:30:13-80
182            android:excludeFromRecents="true"
182-->[com.google.firebase:firebase-auth:24.0.1] AndroidManifest.xml:31:13-46
183            android:exported="true"
183-->[com.google.firebase:firebase-auth:24.0.1] AndroidManifest.xml:32:13-36
184            android:launchMode="singleTask"
184-->[com.google.firebase:firebase-auth:24.0.1] AndroidManifest.xml:33:13-44
185            android:theme="@android:style/Theme.Translucent.NoTitleBar" >
185-->[com.google.firebase:firebase-auth:24.0.1] AndroidManifest.xml:34:13-72
186            <intent-filter>
186-->[com.google.firebase:firebase-auth:24.0.1] AndroidManifest.xml:35:13-45:29
187                <action android:name="android.intent.action.VIEW" />
187-->[com.google.firebase:firebase-auth:24.0.1] AndroidManifest.xml:36:17-69
187-->[com.google.firebase:firebase-auth:24.0.1] AndroidManifest.xml:36:25-66
188
189                <category android:name="android.intent.category.DEFAULT" />
189-->[com.google.firebase:firebase-auth:24.0.1] AndroidManifest.xml:38:17-76
189-->[com.google.firebase:firebase-auth:24.0.1] AndroidManifest.xml:38:27-73
190                <category android:name="android.intent.category.BROWSABLE" />
190-->[com.google.firebase:firebase-auth:24.0.1] AndroidManifest.xml:39:17-78
190-->[com.google.firebase:firebase-auth:24.0.1] AndroidManifest.xml:39:27-75
191
192                <data
192-->[com.google.firebase:firebase-auth:24.0.1] AndroidManifest.xml:41:17-44:51
193                    android:host="firebase.auth"
193-->[com.google.firebase:firebase-auth:24.0.1] AndroidManifest.xml:42:21-49
194                    android:path="/"
194-->[com.google.firebase:firebase-auth:24.0.1] AndroidManifest.xml:43:21-37
195                    android:scheme="genericidp" />
195-->[com.google.firebase:firebase-auth:24.0.1] AndroidManifest.xml:44:21-48
196            </intent-filter>
197        </activity>
198        <activity
198-->[com.google.firebase:firebase-auth:24.0.1] AndroidManifest.xml:47:9-64:20
199            android:name="com.google.firebase.auth.internal.RecaptchaActivity"
199-->[com.google.firebase:firebase-auth:24.0.1] AndroidManifest.xml:48:13-79
200            android:excludeFromRecents="true"
200-->[com.google.firebase:firebase-auth:24.0.1] AndroidManifest.xml:49:13-46
201            android:exported="true"
201-->[com.google.firebase:firebase-auth:24.0.1] AndroidManifest.xml:50:13-36
202            android:launchMode="singleTask"
202-->[com.google.firebase:firebase-auth:24.0.1] AndroidManifest.xml:51:13-44
203            android:theme="@android:style/Theme.Translucent.NoTitleBar" >
203-->[com.google.firebase:firebase-auth:24.0.1] AndroidManifest.xml:52:13-72
204            <intent-filter>
204-->[com.google.firebase:firebase-auth:24.0.1] AndroidManifest.xml:53:13-63:29
205                <action android:name="android.intent.action.VIEW" />
205-->[com.google.firebase:firebase-auth:24.0.1] AndroidManifest.xml:36:17-69
205-->[com.google.firebase:firebase-auth:24.0.1] AndroidManifest.xml:36:25-66
206
207                <category android:name="android.intent.category.DEFAULT" />
207-->[com.google.firebase:firebase-auth:24.0.1] AndroidManifest.xml:38:17-76
207-->[com.google.firebase:firebase-auth:24.0.1] AndroidManifest.xml:38:27-73
208                <category android:name="android.intent.category.BROWSABLE" />
208-->[com.google.firebase:firebase-auth:24.0.1] AndroidManifest.xml:39:17-78
208-->[com.google.firebase:firebase-auth:24.0.1] AndroidManifest.xml:39:27-75
209
210                <data
210-->[com.google.firebase:firebase-auth:24.0.1] AndroidManifest.xml:41:17-44:51
211                    android:host="firebase.auth"
211-->[com.google.firebase:firebase-auth:24.0.1] AndroidManifest.xml:42:21-49
212                    android:path="/"
212-->[com.google.firebase:firebase-auth:24.0.1] AndroidManifest.xml:43:21-37
213                    android:scheme="recaptcha" />
213-->[com.google.firebase:firebase-auth:24.0.1] AndroidManifest.xml:44:21-48
214            </intent-filter>
215        </activity>
216
217        <service
217-->[com.google.firebase:firebase-auth:24.0.1] AndroidManifest.xml:66:9-72:19
218            android:name="com.google.firebase.components.ComponentDiscoveryService"
218-->[com.google.firebase:firebase-auth:24.0.1] AndroidManifest.xml:67:13-84
219            android:directBootAware="true"
219-->[com.google.firebase:firebase-common:22.0.1] AndroidManifest.xml:32:13-43
220            android:exported="false" >
220-->[com.google.firebase:firebase-auth:24.0.1] AndroidManifest.xml:68:13-37
221            <meta-data
221-->[com.google.firebase:firebase-auth:24.0.1] AndroidManifest.xml:69:13-71:85
222                android:name="com.google.firebase.components:com.google.firebase.auth.FirebaseAuthRegistrar"
222-->[com.google.firebase:firebase-auth:24.0.1] AndroidManifest.xml:70:17-109
223                android:value="com.google.firebase.components.ComponentRegistrar" />
223-->[com.google.firebase:firebase-auth:24.0.1] AndroidManifest.xml:71:17-82
224            <meta-data
224-->[com.google.firebase:firebase-appcheck-playintegrity:19.0.1] AndroidManifest.xml:25:13-27:85
225                android:name="com.google.firebase.components:com.google.firebase.appcheck.playintegrity.FirebaseAppCheckPlayIntegrityRegistrar"
225-->[com.google.firebase:firebase-appcheck-playintegrity:19.0.1] AndroidManifest.xml:26:17-144
226                android:value="com.google.firebase.components.ComponentRegistrar" />
226-->[com.google.firebase:firebase-appcheck-playintegrity:19.0.1] AndroidManifest.xml:27:17-82
227            <meta-data
227-->[com.google.firebase:firebase-database:22.0.1] AndroidManifest.xml:29:13-31:85
228                android:name="com.google.firebase.components:com.google.firebase.database.FirebaseDatabaseKtxRegistrar"
228-->[com.google.firebase:firebase-database:22.0.1] AndroidManifest.xml:30:17-120
229                android:value="com.google.firebase.components.ComponentRegistrar" />
229-->[com.google.firebase:firebase-database:22.0.1] AndroidManifest.xml:31:17-82
230            <meta-data
230-->[com.google.firebase:firebase-database:22.0.1] AndroidManifest.xml:32:13-34:85
231                android:name="com.google.firebase.components:com.google.firebase.database.DatabaseRegistrar"
231-->[com.google.firebase:firebase-database:22.0.1] AndroidManifest.xml:33:17-109
232                android:value="com.google.firebase.components.ComponentRegistrar" />
232-->[com.google.firebase:firebase-database:22.0.1] AndroidManifest.xml:34:17-82
233            <meta-data
233-->[com.google.firebase:firebase-firestore:26.0.1] AndroidManifest.xml:17:13-19:85
234                android:name="com.google.firebase.components:com.google.firebase.firestore.FirebaseFirestoreKtxRegistrar"
234-->[com.google.firebase:firebase-firestore:26.0.1] AndroidManifest.xml:18:17-122
235                android:value="com.google.firebase.components.ComponentRegistrar" />
235-->[com.google.firebase:firebase-firestore:26.0.1] AndroidManifest.xml:19:17-82
236            <meta-data
236-->[com.google.firebase:firebase-firestore:26.0.1] AndroidManifest.xml:20:13-22:85
237                android:name="com.google.firebase.components:com.google.firebase.firestore.FirestoreRegistrar"
237-->[com.google.firebase:firebase-firestore:26.0.1] AndroidManifest.xml:21:17-111
238                android:value="com.google.firebase.components.ComponentRegistrar" />
238-->[com.google.firebase:firebase-firestore:26.0.1] AndroidManifest.xml:22:17-82
239            <meta-data
239-->[com.google.firebase:firebase-functions:22.0.1] AndroidManifest.xml:15:13-17:85
240                android:name="com.google.firebase.components:com.google.firebase.functions.FirebaseFunctionsKtxRegistrar"
240-->[com.google.firebase:firebase-functions:22.0.1] AndroidManifest.xml:16:17-122
241                android:value="com.google.firebase.components.ComponentRegistrar" />
241-->[com.google.firebase:firebase-functions:22.0.1] AndroidManifest.xml:17:17-82
242            <meta-data
242-->[com.google.firebase:firebase-functions:22.0.1] AndroidManifest.xml:18:13-20:85
243                android:name="com.google.firebase.components:com.google.firebase.functions.FunctionsRegistrar"
243-->[com.google.firebase:firebase-functions:22.0.1] AndroidManifest.xml:19:17-111
244                android:value="com.google.firebase.components.ComponentRegistrar" />
244-->[com.google.firebase:firebase-functions:22.0.1] AndroidManifest.xml:20:17-82
245            <meta-data
245-->[com.google.firebase:firebase-messaging:25.0.1] AndroidManifest.xml:57:13-59:85
246                android:name="com.google.firebase.components:com.google.firebase.messaging.FirebaseMessagingKtxRegistrar"
246-->[com.google.firebase:firebase-messaging:25.0.1] AndroidManifest.xml:58:17-122
247                android:value="com.google.firebase.components.ComponentRegistrar" />
247-->[com.google.firebase:firebase-messaging:25.0.1] AndroidManifest.xml:59:17-82
248            <meta-data
248-->[com.google.firebase:firebase-messaging:25.0.1] AndroidManifest.xml:60:13-62:85
249                android:name="com.google.firebase.components:com.google.firebase.messaging.FirebaseMessagingRegistrar"
249-->[com.google.firebase:firebase-messaging:25.0.1] AndroidManifest.xml:61:17-119
250                android:value="com.google.firebase.components.ComponentRegistrar" />
250-->[com.google.firebase:firebase-messaging:25.0.1] AndroidManifest.xml:62:17-82
251            <meta-data
251-->[com.google.firebase:firebase-storage-ktx:21.0.0] AndroidManifest.xml:12:13-14:85
252                android:name="com.google.firebase.components:com.google.firebase.storage.ktx.FirebaseStorageLegacyRegistrar"
252-->[com.google.firebase:firebase-storage-ktx:21.0.0] AndroidManifest.xml:13:17-125
253                android:value="com.google.firebase.components.ComponentRegistrar" />
253-->[com.google.firebase:firebase-storage-ktx:21.0.0] AndroidManifest.xml:14:17-82
254            <meta-data
254-->[com.google.firebase:firebase-storage:22.0.1] AndroidManifest.xml:30:13-32:85
255                android:name="com.google.firebase.components:com.google.firebase.storage.FirebaseStorageKtxRegistrar"
255-->[com.google.firebase:firebase-storage:22.0.1] AndroidManifest.xml:31:17-118
256                android:value="com.google.firebase.components.ComponentRegistrar" />
256-->[com.google.firebase:firebase-storage:22.0.1] AndroidManifest.xml:32:17-82
257            <meta-data
257-->[com.google.firebase:firebase-storage:22.0.1] AndroidManifest.xml:33:13-35:85
258                android:name="com.google.firebase.components:com.google.firebase.storage.StorageRegistrar"
258-->[com.google.firebase:firebase-storage:22.0.1] AndroidManifest.xml:34:17-107
259                android:value="com.google.firebase.components.ComponentRegistrar" />
259-->[com.google.firebase:firebase-storage:22.0.1] AndroidManifest.xml:35:17-82
260            <meta-data
260-->[com.google.firebase:firebase-appcheck:19.0.1] AndroidManifest.xml:25:13-27:85
261                android:name="com.google.firebase.components:com.google.firebase.appcheck.FirebaseAppCheckKtxRegistrar"
261-->[com.google.firebase:firebase-appcheck:19.0.1] AndroidManifest.xml:26:17-120
262                android:value="com.google.firebase.components.ComponentRegistrar" />
262-->[com.google.firebase:firebase-appcheck:19.0.1] AndroidManifest.xml:27:17-82
263            <meta-data